Log file open, 11/12/19 19:25:30
LogWindows: Failed to load 'aqProf.dll' (GetLastError=126)
LogWindows: File 'aqProf.dll' does not exist
LogWindows: Failed to load 'VtuneApi.dll' (GetLastError=126)
LogWindows: File 'VtuneApi.dll' does not exist
LogWindows: Failed to load 'VtuneApi32e.dll' (GetLastError=126)
LogWindows: File 'VtuneApi32e.dll' does not exist
LogConsoleResponse: Display: Failed to find resolution value strings in scalability ini. Falling back to default.
LogInit: Display: Running engine for game: MyProject5
LogPlatformFile: Not using cached read wrapper
LogTaskGraph: Started task graph with 5 named threads and 23 total threads with 3 sets of task threads.
LogStats: Stats thread started at 0.089869
LogD3D11RHI: Loaded GFSDK_Aftermath_Lib.x64.dll
LogICUInternationalization: ICU TimeZone Detection - Raw Offset: -5:00, Platform Override: ''
LogPluginManager: Mounting plugin Paper2D
LogPluginManager: Mounting plugin AISupport
LogPluginManager: Mounting plugin LightPropagationVolume
LogPluginManager: Mounting plugin ActorLayerUtilities
LogPluginManager: Mounting plugin AnimationSharing
LogPluginManager: Mounting plugin CLionSourceCodeAccess
LogPluginManager: Mounting plugin CodeLiteSourceCodeAccess
LogPluginManager: Mounting plugin GitSourceControl
LogPluginManager: Mounting plugin KDevelopSourceCodeAccess
LogPluginManager: Mounting plugin NullSourceCodeAccess
LogPluginManager: Mounting plugin PerforceSourceControl
LogPluginManager: Mounting plugin SubversionSourceControl
LogPluginManager: Mounting plugin UObjectPlugin
LogPluginManager: Mounting plugin VisualStudioCodeSourceCodeAccess
LogPluginManager: Mounting plugin VisualStudioSourceCodeAccess
LogPluginManager: Mounting plugin XCodeSourceCodeAccess
LogPluginManager: Mounting plugin AssetManagerEditor
LogPluginManager: Mounting plugin CryptoKeys
LogPluginManager: Mounting plugin CurveEditorTools
LogPluginManager: Mounting plugin DataValidation
LogPluginManager: Mounting plugin FacialAnimation
LogPluginManager: Mounting plugin GameplayTagsEditor
LogPluginManager: Mounting plugin MacGraphicsSwitching
LogPluginManager: Mounting plugin MaterialAnalyzer
LogPluginManager: Mounting plugin MobileLauncherProfileWizard
LogPluginManager: Mounting plugin PluginBrowser
LogPluginManager: Mounting plugin SpeedTreeImporter
LogPluginManager: Mounting plugin DatasmithContent
LogPluginManager: Mounting plugin VariantManagerContent
LogPluginManager: Mounting plugin AlembicImporter
LogPluginManager: Mounting plugin AutomationUtils
LogPluginManager: Mounting plugin BackChannel
LogPluginManager: Mounting plugin CharacterAI
LogPluginManager: Mounting plugin GeometryCache
LogPluginManager: Mounting plugin HTML5Networking
LogPluginManager: Mounting plugin PlatformCrypto
LogPluginManager: Mounting plugin ProxyLODPlugin
LogPluginManager: Mounting plugin SkeletalReduction
LogPluginManager: Mounting plugin MagicLeap
LogPluginManager: Mounting plugin MagicLeapMedia
LogPluginManager: Mounting plugin AndroidMedia
LogPluginManager: Mounting plugin AvfMedia
LogPluginManager: Mounting plugin ImgMedia
LogPluginManager: Mounting plugin MediaCompositing
LogPluginManager: Mounting plugin MediaPlayerEditor
LogPluginManager: Mounting plugin WebMMedia
LogPluginManager: Mounting plugin WmfMedia
LogPluginManager: Mounting plugin TcpMessaging
LogPluginManager: Mounting plugin UdpMessaging
LogPluginManager: Mounting plugin ActorSequence
LogPluginManager: Mounting plugin LevelSequenceEditor
LogPluginManager: Mounting plugin MatineeToLevelSequence
LogPluginManager: Mounting plugin NetcodeUnitTest
LogPluginManager: Mounting plugin NUTUnrealEngine4
LogPluginManager: Mounting plugin OnlineSubsystemGooglePlay
LogPluginManager: Mounting plugin OnlineSubsystemIOS
LogPluginManager: Mounting plugin OnlineSubsystem
LogPluginManager: Mounting plugin OnlineSubsystemNull
LogPluginManager: Mounting plugin OnlineSubsystemUtils
LogPluginManager: Mounting plugin LauncherChunkInstaller
LogPluginManager: Mounting plugin AndroidDeviceProfileSelector
LogPluginManager: Mounting plugin AndroidMoviePlayer
LogPluginManager: Mounting plugin AndroidPermission
LogPluginManager: Mounting plugin AppleImageUtils
LogPluginManager: Mounting plugin AppleMoviePlayer
LogPluginManager: Mounting plugin ArchVisCharacter
LogPluginManager: Mounting plugin AudioCapture
LogPluginManager: Mounting plugin CableComponent
LogPluginManager: Mounting plugin CustomMeshComponent
LogPluginManager: Mounting plugin EditableMesh
LogPluginManager: Mounting plugin ExampleDeviceProfileSelector
LogPluginManager: Mounting plugin GoogleCloudMessaging
LogPluginManager: Mounting plugin IOSDeviceProfileSelector
LogPluginManager: Mounting plugin LinuxDeviceProfileSelector
LogPluginManager: Mounting plugin LocationServicesBPLibrary
LogPluginManager: Mounting plugin MobilePatchingUtils
LogPluginManager: Mounting plugin OculusVR
LogPluginManager: Mounting plugin PhysXVehicles
LogPluginManager: Mounting plugin ProceduralMeshComponent
LogPluginManager: Mounting plugin RuntimePhysXCooking
LogPluginManager: Mounting plugin SignificanceManager
LogPluginManager: Mounting plugin SteamVR
LogPluginManager: Mounting plugin WebMMoviePlayer
LogPluginManager: Mounting plugin WindowsMoviePlayer
LogPluginManager: Mounting plugin ScreenshotTools
LogInit: Using libcurl 7.55.1-DEV
LogInit:  - built for x86_64-pc-win32
LogInit:  - supports SSL with OpenSSL/1.1.1
LogInit:  - supports HTTP deflate (compression) using libz 1.2.8
LogInit:  - other features:
LogInit:      CURL_VERSION_SSL
LogInit:      CURL_VERSION_LIBZ
LogInit:      CURL_VERSION_IPV6
LogInit:      CURL_VERSION_ASYNCHDNS
LogInit:      CURL_VERSION_LARGEFILE
LogInit:      CURL_VERSION_IDN
LogInit:  CurlRequestOptions (configurable via config and command line):
LogInit:  - bVerifyPeer = true  - Libcurl will verify peer certificate
LogInit:  - bUseHttpProxy = false  - Libcurl will NOT use HTTP proxy
LogInit:  - bDontReuseConnections = false  - Libcurl will reuse connections
LogInit:  - MaxHostConnections = 16  - Libcurl will limit the number of connections to a host
LogInit:  - LocalHostAddr = Default
LogInit:  - BufferSize = 65536
LogOnline: OSS: Creating online subsystem instance for: NULL
LogInit: WinSock: version 1.1 (2.2), MaxSocks=32767, MaxUdp=65467
LogInit: Build: ++UE4+Release-4.23-CL-9631420
LogInit: Engine Version: 4.23.1-9631420+++UE4+Release-4.23
LogInit: Compatible Engine Version: 4.23.0-8386587+++UE4+Release-4.23
LogInit: Net CL: 8386587
LogInit: OS: Windows 10 (Release 1809) (), CPU: Intel(R) Core(TM) i7-6820HK CPU @ 2.70GHz, GPU: NVIDIA GeForce GTX 980M
LogInit: Compiled (64-bit): Oct 18 2019 02:07:44
LogInit: Compiled with Visual C++: 19.16.27030.01
LogInit: Build Configuration: Development
LogInit: Branch Name: ++UE4+Release-4.23
LogInit: Command Line: 
LogInit: Base Directory: D:/Unreal/Unreal Games/UE_4.23/Engine/Binaries/Win64/
LogInit: Installed Engine Build: 1
LogDevObjectVersion: Number of dev versions registered: 23
LogDevObjectVersion:   Dev-Blueprints (B0D832E4-1F89-4F0D-ACCF-7EB736FD4AA2): 10
LogDevObjectVersion:   Dev-Build (E1C64328-A22C-4D53-A36C-8E866417BD8C): 0
LogDevObjectVersion:   Dev-Core (375EC13C-06E4-48FB-B500-84F0262A717E): 3
LogDevObjectVersion:   Dev-Editor (E4B068ED-F494-42E9-A231-DA0B2E46BB41): 34
LogDevObjectVersion:   Dev-Framework (CFFC743F-43B0-4480-9391-14DF171D2073): 35
LogDevObjectVersion:   Dev-Mobile (B02B49B5-BB20-44E9-A304-32B752E40360): 2
LogDevObjectVersion:   Dev-Networking (A4E4105C-59A1-49B5-A7C5-40C4547EDFEE): 0
LogDevObjectVersion:   Dev-Online (39C831C9-5AE6-47DC-9A44-9C173E1C8E7C): 0
LogDevObjectVersion:   Dev-Physics (78F01B33-EBEA-4F98-B9B4-84EACCB95AA2): 0
LogDevObjectVersion:   Dev-Platform (6631380F-2D4D-43E0-8009-CF276956A95A): 0
LogDevObjectVersion:   Dev-Rendering (12F88B9F-8875-4AFC-A67C-D90C383ABD29): 31
LogDevObjectVersion:   Dev-Sequencer (7B5AE74C-D270-4C10-A958-57980B212A5A): 11
LogDevObjectVersion:   Dev-VR (D7296918-1DD6-4BDD-9DE2-64A83CC13884): 2
LogDevObjectVersion:   Dev-LoadTimes (C2A15278-BFE7-4AFE-6C17-90FF531DF755): 1
LogDevObjectVersion:   Private-Geometry (6EACA3D4-40EC-4CC1-B786-8BED09428FC5): 3
LogDevObjectVersion:   Dev-AnimPhys (29E575DD-E0A3-4627-9D10-D276232CDCEA): 17
LogDevObjectVersion:   Dev-Anim (AF43A65D-7FD3-4947-9873-3E8ED9C1BB05): 2
LogDevObjectVersion:   Dev-ReflectionCapture (6B266CEC-1EC7-4B8F-A30B-E4D90942FC07): 1
LogDevObjectVersion:   Dev-Automation (0DF73D61-A23F-47EA-B727-89E90C41499A): 1
LogDevObjectVersion:   FortniteMain (601D1886-AC64-4F84-AA16-D3DE0DEAC7D6): 27
LogDevObjectVersion:   Dev-Enterprise (9DFFBCD6-494F-0158-E221-12823C92A888): 6
LogDevObjectVersion:   Dev-Niagara (F2AED0AC-9AFE-416F-8664-AA7FFA26D6FC): 1
LogDevObjectVersion:   Dev-Destruction (174F1F0B-B4C6-45A5-B13F-2EE8D0FB917D): 9
LogInit: Presizing for max 16777216 objects, including 0 objects not considered by GC, pre-allocating 0 bytes for permanent pool.
LogInit: Object subsystem initialized
LogConfig: Setting CVar [[con.DebugEarlyDefault:1]]
LogConfig: Setting CVar [[r.setres:1280x720]]
[2019.11.13-00.25.30:798][  0]LogConfig: Setting CVar [[r.VSync:0]]
[2019.11.13-00.25.30:798][  0]LogConfig: Setting CVar [[r.RHICmdBypass:0]]
[2019.11.13-00.25.30:798][  0]LogConfig: Applying CVar settings from Section [/Script/Engine.RendererSettings] File [D:/Unreal/Unreal Projects/Greifhaken/MyProject5/Saved/Config/Windows/Engine.ini]
[2019.11.13-00.25.30:798][  0]LogConfig: Setting CVar [[r.GPUCrashDebugging:0]]
[2019.11.13-00.25.30:798][  0]LogConfig: Applying CVar settings from Section [/Script/Engine.RendererOverrideSettings] File [D:/Unreal/Unreal Projects/Greifhaken/MyProject5/Saved/Config/Windows/Engine.ini]
[2019.11.13-00.25.30:798][  0]LogConfig: Applying CVar settings from Section [/Script/Engine.StreamingSettings] File [D:/Unreal/Unreal Projects/Greifhaken/MyProject5/Saved/Config/Windows/Engine.ini]
[2019.11.13-00.25.30:798][  0]LogConfig: Setting CVar [[s.MinBulkDataSizeForAsyncLoading:131072]]
[2019.11.13-00.25.30:798][  0]LogConfig: Setting CVar [[s.AsyncLoadingThreadEnabled:0]]
[2019.11.13-00.25.30:798][  0]LogConfig: Setting CVar [[s.EventDrivenLoaderEnabled:1]]
[2019.11.13-00.25.30:798][  0]LogConfig: Setting CVar [[s.WarnIfTimeLimitExceeded:0]]
[2019.11.13-00.25.30:799][  0]LogConfig: Setting CVar [[s.TimeLimitExceededMultiplier:1.5]]
[2019.11.13-00.25.30:799][  0]LogConfig: Setting CVar [[s.TimeLimitExceededMinTime:0.005]]
[2019.11.13-00.25.30:799][  0]LogConfig: Setting CVar [[s.UseBackgroundLevelStreaming:1]]
[2019.11.13-00.25.30:799][  0]LogConfig: Setting CVar [[s.PriorityAsyncLoadingExtraTime:15.0]]
[2019.11.13-00.25.30:799][  0]LogConfig: Setting CVar [[s.LevelStreamingActorsUpdateTimeLimit:5.0]]
[2019.11.13-00.25.30:799][  0]LogConfig: Setting CVar [[s.PriorityLevelStreamingActorsUpdateExtraTime:5.0]]
[2019.11.13-00.25.30:799][  0]LogConfig: Setting CVar [[s.LevelStreamingComponentsRegistrationGranularity:10]]
[2019.11.13-00.25.30:799][  0]LogConfig: Setting CVar [[s.UnregisterComponentsTimeLimit:1.0]]
[2019.11.13-00.25.30:799][  0]LogConfig: Setting CVar [[s.LevelStreamingComponentsUnregistrationGranularity:5]]
[2019.11.13-00.25.30:799][  0]LogConfig: Applying CVar settings from Section [/Script/Engine.GarbageCollectionSettings] File [D:/Unreal/Unreal Projects/Greifhaken/MyProject5/Saved/Config/Windows/Engine.ini]
[2019.11.13-00.25.30:799][  0]LogConfig: Setting CVar [[gc.MaxObjectsNotConsideredByGC:1]]
[2019.11.13-00.25.30:799][  0]LogConfig: Setting CVar [[gc.SizeOfPermanentObjectPool:0]]
[2019.11.13-00.25.30:799][  0]LogConfig: Setting CVar [[gc.FlushStreamingOnGC:0]]
[2019.11.13-00.25.30:799][  0]LogConfig: Setting CVar [[gc.NumRetriesBeforeForcingGC:10]]
[2019.11.13-00.25.30:799][  0]LogConfig: Setting CVar [[gc.AllowParallelGC:1]]
[2019.11.13-00.25.30:799][  0]LogConfig: Setting CVar [[gc.TimeBetweenPurgingPendingKillObjects:61.1]]
[2019.11.13-00.25.30:799][  0]LogConfig: Setting CVar [[gc.MaxObjectsInEditor:16777216]]
[2019.11.13-00.25.30:799][  0]LogConfig: Setting CVar [[gc.IncrementalBeginDestroyEnabled:1]]
[2019.11.13-00.25.30:799][  0]LogConfig: Setting CVar [[gc.CreateGCClusters:1]]
[2019.11.13-00.25.30:799][  0]LogConfig: Setting CVar [[gc.MinGCClusterSize:5]]
[2019.11.13-00.25.30:799][  0]LogConfig: Setting CVar [[gc.ActorClusteringEnabled:0]]
[2019.11.13-00.25.30:799][  0]LogConfig: Setting CVar [[gc.BlueprintClusteringEnabled:0]]
[2019.11.13-00.25.30:799][  0]LogConfig: Setting CVar [[gc.UseDisregardForGCOnDedicatedServers:0]]
[2019.11.13-00.25.30:799][  0]LogConfig: Applying CVar settings from Section [/Script/Engine.NetworkSettings] File [D:/Unreal/Unreal Projects/Greifhaken/MyProject5/Saved/Config/Windows/Engine.ini]
[2019.11.13-00.25.30:799][  0]LogConfig: Applying CVar settings from Section [/Script/UnrealEd.CookerSettings] File [D:/Unreal/Unreal Projects/Greifhaken/MyProject5/Saved/Config/Windows/Engine.ini]
[2019.11.13-00.25.30:806][  0]LogConfig: Applying CVar settings from Section [ViewDistanceQuality@3] File [D:/Unreal/Unreal Projects/Greifhaken/MyProject5/Saved/Config/Windows/Scalability.ini]
[2019.11.13-00.25.30:806][  0]LogConfig: Setting CVar [[r.SkeletalMeshLODBias:0]]
[2019.11.13-00.25.30:806][  0]LogConfig: Setting CVar [[r.ViewDistanceScale:1.0]]
[2019.11.13-00.25.30:806][  0]LogConfig: Applying CVar settings from Section [AntiAliasingQuality@3] File [D:/Unreal/Unreal Projects/Greifhaken/MyProject5/Saved/Config/Windows/Scalability.ini]
[2019.11.13-00.25.30:806][  0]LogConfig: Setting CVar [[r.PostProcessAAQuality:4]]
[2019.11.13-00.25.30:806][  0]LogConfig: Applying CVar settings from Section [ShadowQuality@3] File [D:/Unreal/Unreal Projects/Greifhaken/MyProject5/Saved/Config/Windows/Scalability.ini]
[2019.11.13-00.25.30:806][  0]LogConfig: Setting CVar [[r.LightFunctionQuality:1]]
[2019.11.13-00.25.30:806][  0]LogConfig: Setting CVar [[r.ShadowQuality:5]]
[2019.11.13-00.25.30:806][  0]LogConfig: Setting CVar [[r.Shadow.CSM.MaxCascades:10]]
[2019.11.13-00.25.30:806][  0]LogConfig: Setting CVar [[r.Shadow.MaxResolution:2048]]
[2019.11.13-00.25.30:806][  0]LogConfig: Setting CVar [[r.Shadow.MaxCSMResolution:2048]]
[2019.11.13-00.25.30:806][  0]LogConfig: Setting CVar [[r.Shadow.RadiusThreshold:0.01]]
[2019.11.13-00.25.30:806][  0]LogConfig: Setting CVar [[r.Shadow.DistanceScale:1.0]]
[2019.11.13-00.25.30:806][  0]LogConfig: Setting CVar [[r.Shadow.CSM.TransitionScale:1.0]]
[2019.11.13-00.25.30:806][  0]LogConfig: Setting CVar [[r.Shadow.PreShadowResolutionFactor:1.0]]
[2019.11.13-00.25.30:806][  0]LogConfig: Setting CVar [[r.DistanceFieldShadowing:1]]
[2019.11.13-00.25.30:806][  0]LogConfig: Setting CVar [[r.DistanceFieldAO:1]]
[2019.11.13-00.25.30:806][  0]LogConfig: Setting CVar [[r.AOQuality:2]]
[2019.11.13-00.25.30:806][  0]LogConfig: Setting CVar [[r.VolumetricFog:1]]
[2019.11.13-00.25.30:806][  0]LogConfig: Setting CVar [[r.VolumetricFog.GridPixelSize:8]]
[2019.11.13-00.25.30:806][  0]LogConfig: Setting CVar [[r.VolumetricFog.GridSizeZ:128]]
[2019.11.13-00.25.30:806][  0]LogConfig: Setting CVar [[r.VolumetricFog.HistoryMissSupersampleCount:4]]
[2019.11.13-00.25.30:806][  0]LogConfig: Setting CVar [[r.LightMaxDrawDistanceScale:1]]
[2019.11.13-00.25.30:806][  0]LogConfig: Setting CVar [[r.CapsuleShadows:1]]
[2019.11.13-00.25.30:806][  0]LogConfig: Applying CVar settings from Section [PostProcessQuality@3] File [D:/Unreal/Unreal Projects/Greifhaken/MyProject5/Saved/Config/Windows/Scalability.ini]
[2019.11.13-00.25.30:806][  0]LogConfig: Setting CVar [[r.MotionBlurQuality:4]]
[2019.11.13-00.25.30:806][  0]LogConfig: Setting CVar [[r.AmbientOcclusionMipLevelFactor:0.4]]
[2019.11.13-00.25.30:806][  0]LogConfig: Setting CVar [[r.AmbientOcclusionMaxQuality:100]]
[2019.11.13-00.25.30:806][  0]LogConfig: Setting CVar [[r.AmbientOcclusionLevels:-1]]
[2019.11.13-00.25.30:806][  0]LogConfig: Setting CVar [[r.AmbientOcclusionRadiusScale:1.0]]
[2019.11.13-00.25.30:806][  0]LogConfig: Setting CVar [[r.DepthOfFieldQuality:2]]
[2019.11.13-00.25.30:807][  0]LogConfig: Setting CVar [[r.RenderTargetPoolMin:400]]
[2019.11.13-00.25.30:807][  0]LogConfig: Setting CVar [[r.LensFlareQuality:2]]
[2019.11.13-00.25.30:807][  0]LogConfig: Setting CVar [[r.SceneColorFringeQuality:1]]
[2019.11.13-00.25.30:807][  0]LogConfig: Setting CVar [[r.EyeAdaptationQuality:2]]
[2019.11.13-00.25.30:807][  0]LogConfig: Setting CVar [[r.BloomQuality:5]]
[2019.11.13-00.25.30:807][  0]LogConfig: Setting CVar [[r.FastBlurThreshold:100]]
[2019.11.13-00.25.30:807][  0]LogConfig: Setting CVar [[r.Upscale.Quality:3]]
[2019.11.13-00.25.30:807][  0]LogConfig: Setting CVar [[r.Tonemapper.GrainQuantization:1]]
[2019.11.13-00.25.30:807][  0]LogConfig: Setting CVar [[r.LightShaftQuality:1]]
[2019.11.13-00.25.30:807][  0]LogConfig: Setting CVar [[r.Filter.SizeScale:1]]
[2019.11.13-00.25.30:807][  0]LogConfig: Setting CVar [[r.Tonemapper.Quality:5]]
[2019.11.13-00.25.30:807][  0]LogConfig: Setting CVar [[r.DOF.Gather.AccumulatorQuality:1        ; higher gathering accumulator quality]]
[2019.11.13-00.25.30:807][  0]LogConfig: Setting CVar [[r.DOF.Gather.PostfilterMethod:1          ; Median3x3 postfilering method]]
[2019.11.13-00.25.30:807][  0]LogConfig: Setting CVar [[r.DOF.Gather.EnableBokehSettings:0       ; no bokeh simulation when gathering]]
[2019.11.13-00.25.30:807][  0]LogConfig: Setting CVar [[r.DOF.Gather.RingCount:4                 ; medium number of samples when gathering]]
[2019.11.13-00.25.30:807][  0]LogConfig: Setting CVar [[r.DOF.Scatter.ForegroundCompositing:1    ; additive foreground scattering]]
[2019.11.13-00.25.30:807][  0]LogConfig: Setting CVar [[r.DOF.Scatter.BackgroundCompositing:2    ; additive background scattering]]
[2019.11.13-00.25.30:807][  0]LogConfig: Setting CVar [[r.DOF.Scatter.EnableBokehSettings:1      ; bokeh simulation when scattering]]
[2019.11.13-00.25.30:807][  0]LogConfig: Setting CVar [[r.DOF.Scatter.MaxSpriteRatio:0.1         ; only a maximum of 10% of scattered bokeh]]
[2019.11.13-00.25.30:807][  0]LogConfig: Setting CVar [[r.DOF.Recombine.Quality:1                ; cheap slight out of focus]]
[2019.11.13-00.25.30:807][  0]LogConfig: Setting CVar [[r.DOF.Recombine.EnableBokehSettings:0    ; no bokeh simulation on slight out of focus]]
[2019.11.13-00.25.30:807][  0]LogConfig: Setting CVar [[r.DOF.TemporalAAQuality:1                ; more stable temporal accumulation]]
[2019.11.13-00.25.30:807][  0]LogConfig: Setting CVar [[r.DOF.Kernel.MaxForegroundRadius:0.025]]
[2019.11.13-00.25.30:807][  0]LogConfig: Setting CVar [[r.DOF.Kernel.MaxBackgroundRadius:0.025]]
[2019.11.13-00.25.30:807][  0]LogConfig: Applying CVar settings from Section [TextureQuality@3] File [D:/Unreal/Unreal Projects/Greifhaken/MyProject5/Saved/Config/Windows/Scalability.ini]
[2019.11.13-00.25.30:807][  0]LogConfig: Setting CVar [[r.Streaming.MipBias:0]]
[2019.11.13-00.25.30:807][  0]LogConfig: Setting CVar [[r.Streaming.AmortizeCPUToGPUCopy:0]]
[2019.11.13-00.25.30:807][  0]LogConfig: Setting CVar [[r.Streaming.MaxNumTexturesToStreamPerFrame:0]]
[2019.11.13-00.25.30:807][  0]LogConfig: Setting CVar [[r.Streaming.Boost:1]]
[2019.11.13-00.25.30:807][  0]LogConfig: Setting CVar [[r.MaxAnisotropy:8]]
[2019.11.13-00.25.30:807][  0]LogConfig: Setting CVar [[r.Streaming.LimitPoolSizeToVRAM:0]]
[2019.11.13-00.25.30:807][  0]LogConfig: Setting CVar [[r.Streaming.PoolSize:1000]]
[2019.11.13-00.25.30:807][  0]LogConfig: Setting CVar [[r.Streaming.MaxEffectiveScreenSize:0]]
[2019.11.13-00.25.30:807][  0]LogConfig: Applying CVar settings from Section [EffectsQuality@3] File [D:/Unreal/Unreal Projects/Greifhaken/MyProject5/Saved/Config/Windows/Scalability.ini]
[2019.11.13-00.25.30:807][  0]LogConfig: Setting CVar [[r.TranslucencyLightingVolumeDim:64]]
[2019.11.13-00.25.30:807][  0]LogConfig: Setting CVar [[r.RefractionQuality:2]]
[2019.11.13-00.25.30:807][  0]LogConfig: Setting CVar [[r.SSR.Quality:3]]
[2019.11.13-00.25.30:807][  0]LogConfig: Setting CVar [[r.SceneColorFormat:4]]
[2019.11.13-00.25.30:807][  0]LogConfig: Setting CVar [[r.DetailMode:2]]
[2019.11.13-00.25.30:807][  0]LogConfig: Setting CVar [[r.TranslucencyVolumeBlur:1]]
[2019.11.13-00.25.30:807][  0]LogConfig: Setting CVar [[r.MaterialQualityLevel:1 ; High quality]]
[2019.11.13-00.25.30:807][  0]LogConfig: Setting CVar [[r.SSS.Scale:1]]
[2019.11.13-00.25.30:807][  0]LogConfig: Setting CVar [[r.SSS.SampleSet:2]]
[2019.11.13-00.25.30:807][  0]LogConfig: Setting CVar [[r.SSS.Quality:1]]
[2019.11.13-00.25.30:807][  0]LogConfig: Setting CVar [[r.SSS.HalfRes:1]]
[2019.11.13-00.25.30:807][  0]LogConfig: Setting CVar [[r.EmitterSpawnRateScale:1.0]]
[2019.11.13-00.25.30:807][  0]LogConfig: Setting CVar [[r.ParticleLightQuality:2]]
[2019.11.13-00.25.30:807][  0]LogConfig: Applying CVar settings from Section [FoliageQuality@3] File [D:/Unreal/Unreal Projects/Greifhaken/MyProject5/Saved/Config/Windows/Scalability.ini]
[2019.11.13-00.25.30:807][  0]LogConfig: Setting CVar [[foliage.DensityScale:1.0]]
[2019.11.13-00.25.30:807][  0]LogConfig: Setting CVar [[grass.DensityScale:1.0]]
[2019.11.13-00.25.30:807][  0]LogInit: Selected Device Profile: [Windows]
[2019.11.13-00.25.30:807][  0]LogInit: Applying CVar settings loaded from the selected device profile: [Windows]
[2019.11.13-00.25.30:810][  0]LogHAL: Display: Platform has ~ 16 GB [17130958848 / 17179869184 / 16], which maps to Larger [LargestMinGB=32, LargerMinGB=12, DefaultMinGB=8, SmallerMinGB=6, SmallestMinGB=0)
[2019.11.13-00.25.30:810][  0]LogInit: Going up to parent DeviceProfile []
[2019.11.13-00.25.30:810][  0]LogConfig: Applying CVar settings from Section [ViewDistanceQuality@3] File [D:/Unreal/Unreal Projects/Greifhaken/MyProject5/Saved/Config/Windows/Scalability.ini]
[2019.11.13-00.25.30:810][  0]LogConfig: Setting CVar [[r.SkeletalMeshLODBias:0]]
[2019.11.13-00.25.30:810][  0]LogConfig: Setting CVar [[r.ViewDistanceScale:1.0]]
[2019.11.13-00.25.30:810][  0]LogConfig: Applying CVar settings from Section [AntiAliasingQuality@3] File [D:/Unreal/Unreal Projects/Greifhaken/MyProject5/Saved/Config/Windows/Scalability.ini]
[2019.11.13-00.25.30:810][  0]LogConfig: Setting CVar [[r.PostProcessAAQuality:4]]
[2019.11.13-00.25.30:810][  0]LogConfig: Applying CVar settings from Section [ShadowQuality@3] File [D:/Unreal/Unreal Projects/Greifhaken/MyProject5/Saved/Config/Windows/Scalability.ini]
[2019.11.13-00.25.30:810][  0]LogConfig: Setting CVar [[r.LightFunctionQuality:1]]
[2019.11.13-00.25.30:810][  0]LogConfig: Setting CVar [[r.ShadowQuality:5]]
[2019.11.13-00.25.30:810][  0]LogConfig: Setting CVar [[r.Shadow.CSM.MaxCascades:10]]
[2019.11.13-00.25.30:810][  0]LogConfig: Setting CVar [[r.Shadow.MaxResolution:2048]]
[2019.11.13-00.25.30:810][  0]LogConfig: Setting CVar [[r.Shadow.MaxCSMResolution:2048]]
[2019.11.13-00.25.30:810][  0]LogConfig: Setting CVar [[r.Shadow.RadiusThreshold:0.01]]
[2019.11.13-00.25.30:810][  0]LogConfig: Setting CVar [[r.Shadow.DistanceScale:1.0]]
[2019.11.13-00.25.30:810][  0]LogConfig: Setting CVar [[r.Shadow.CSM.TransitionScale:1.0]]
[2019.11.13-00.25.30:810][  0]LogConfig: Setting CVar [[r.Shadow.PreShadowResolutionFactor:1.0]]
[2019.11.13-00.25.30:810][  0]LogConfig: Setting CVar [[r.DistanceFieldShadowing:1]]
[2019.11.13-00.25.30:810][  0]LogConfig: Setting CVar [[r.DistanceFieldAO:1]]
[2019.11.13-00.25.30:810][  0]LogConfig: Setting CVar [[r.AOQuality:2]]
[2019.11.13-00.25.30:810][  0]LogConfig: Setting CVar [[r.VolumetricFog:1]]
[2019.11.13-00.25.30:810][  0]LogConfig: Setting CVar [[r.VolumetricFog.GridPixelSize:8]]
[2019.11.13-00.25.30:810][  0]LogConfig: Setting CVar [[r.VolumetricFog.GridSizeZ:128]]
[2019.11.13-00.25.30:810][  0]LogConfig: Setting CVar [[r.VolumetricFog.HistoryMissSupersampleCount:4]]
[2019.11.13-00.25.30:810][  0]LogConfig: Setting CVar [[r.LightMaxDrawDistanceScale:1]]
[2019.11.13-00.25.30:810][  0]LogConfig: Setting CVar [[r.CapsuleShadows:1]]
[2019.11.13-00.25.30:810][  0]LogConfig: Applying CVar settings from Section [PostProcessQuality@3] File [D:/Unreal/Unreal Projects/Greifhaken/MyProject5/Saved/Config/Windows/Scalability.ini]
[2019.11.13-00.25.30:810][  0]LogConfig: Setting CVar [[r.MotionBlurQuality:4]]
[2019.11.13-00.25.30:810][  0]LogConfig: Setting CVar [[r.AmbientOcclusionMipLevelFactor:0.4]]
[2019.11.13-00.25.30:810][  0]LogConfig: Setting CVar [[r.AmbientOcclusionMaxQuality:100]]
[2019.11.13-00.25.30:810][  0]LogConfig: Setting CVar [[r.AmbientOcclusionLevels:-1]]
[2019.11.13-00.25.30:810][  0]LogConfig: Setting CVar [[r.AmbientOcclusionRadiusScale:1.0]]
[2019.11.13-00.25.30:810][  0]LogConfig: Setting CVar [[r.DepthOfFieldQuality:2]]
[2019.11.13-00.25.30:810][  0]LogConfig: Setting CVar [[r.RenderTargetPoolMin:400]]
[2019.11.13-00.25.30:810][  0]LogConfig: Setting CVar [[r.LensFlareQuality:2]]
[2019.11.13-00.25.30:810][  0]LogConfig: Setting CVar [[r.SceneColorFringeQuality:1]]
[2019.11.13-00.25.30:810][  0]LogConfig: Setting CVar [[r.EyeAdaptationQuality:2]]
[2019.11.13-00.25.30:810][  0]LogConfig: Setting CVar [[r.BloomQuality:5]]
[2019.11.13-00.25.30:810][  0]LogConfig: Setting CVar [[r.FastBlurThreshold:100]]
[2019.11.13-00.25.30:810][  0]LogConfig: Setting CVar [[r.Upscale.Quality:3]]
[2019.11.13-00.25.30:811][  0]LogConfig: Setting CVar [[r.Tonemapper.GrainQuantization:1]]
[2019.11.13-00.25.30:811][  0]LogConfig: Setting CVar [[r.LightShaftQuality:1]]
[2019.11.13-00.25.30:811][  0]LogConfig: Setting CVar [[r.Filter.SizeScale:1]]
[2019.11.13-00.25.30:811][  0]LogConfig: Setting CVar [[r.Tonemapper.Quality:5]]
[2019.11.13-00.25.30:811][  0]LogConfig: Setting CVar [[r.DOF.Gather.AccumulatorQuality:1        ; higher gathering accumulator quality]]
[2019.11.13-00.25.30:811][  0]LogConfig: Setting CVar [[r.DOF.Gather.PostfilterMethod:1          ; Median3x3 postfilering method]]
[2019.11.13-00.25.30:811][  0]LogConfig: Setting CVar [[r.DOF.Gather.EnableBokehSettings:0       ; no bokeh simulation when gathering]]
[2019.11.13-00.25.30:811][  0]LogConfig: Setting CVar [[r.DOF.Gather.RingCount:4                 ; medium number of samples when gathering]]
[2019.11.13-00.25.30:811][  0]LogConfig: Setting CVar [[r.DOF.Scatter.ForegroundCompositing:1    ; additive foreground scattering]]
[2019.11.13-00.25.30:811][  0]LogConfig: Setting CVar [[r.DOF.Scatter.BackgroundCompositing:2    ; additive background scattering]]
[2019.11.13-00.25.30:811][  0]LogConfig: Setting CVar [[r.DOF.Scatter.EnableBokehSettings:1      ; bokeh simulation when scattering]]
[2019.11.13-00.25.30:811][  0]LogConfig: Setting CVar [[r.DOF.Scatter.MaxSpriteRatio:0.1         ; only a maximum of 10% of scattered bokeh]]
[2019.11.13-00.25.30:811][  0]LogConfig: Setting CVar [[r.DOF.Recombine.Quality:1                ; cheap slight out of focus]]
[2019.11.13-00.25.30:811][  0]LogConfig: Setting CVar [[r.DOF.Recombine.EnableBokehSettings:0    ; no bokeh simulation on slight out of focus]]
[2019.11.13-00.25.30:811][  0]LogConfig: Setting CVar [[r.DOF.TemporalAAQuality:1                ; more stable temporal accumulation]]
[2019.11.13-00.25.30:811][  0]LogConfig: Setting CVar [[r.DOF.Kernel.MaxForegroundRadius:0.025]]
[2019.11.13-00.25.30:811][  0]LogConfig: Setting CVar [[r.DOF.Kernel.MaxBackgroundRadius:0.025]]
[2019.11.13-00.25.30:811][  0]LogConfig: Applying CVar settings from Section [TextureQuality@3] File [D:/Unreal/Unreal Projects/Greifhaken/MyProject5/Saved/Config/Windows/Scalability.ini]
[2019.11.13-00.25.30:811][  0]LogConfig: Setting CVar [[r.Streaming.MipBias:0]]
[2019.11.13-00.25.30:811][  0]LogConfig: Setting CVar [[r.Streaming.AmortizeCPUToGPUCopy:0]]
[2019.11.13-00.25.30:811][  0]LogConfig: Setting CVar [[r.Streaming.MaxNumTexturesToStreamPerFrame:0]]
[2019.11.13-00.25.30:811][  0]LogConfig: Setting CVar [[r.Streaming.Boost:1]]
[2019.11.13-00.25.30:811][  0]LogConfig: Setting CVar [[r.MaxAnisotropy:8]]
[2019.11.13-00.25.30:811][  0]LogConfig: Setting CVar [[r.Streaming.LimitPoolSizeToVRAM:0]]
[2019.11.13-00.25.30:811][  0]LogConfig: Setting CVar [[r.Streaming.PoolSize:1000]]
[2019.11.13-00.25.30:811][  0]LogConfig: Setting CVar [[r.Streaming.MaxEffectiveScreenSize:0]]
[2019.11.13-00.25.30:811][  0]LogConfig: Applying CVar settings from Section [EffectsQuality@3] File [D:/Unreal/Unreal Projects/Greifhaken/MyProject5/Saved/Config/Windows/Scalability.ini]
[2019.11.13-00.25.30:811][  0]LogConfig: Setting CVar [[r.TranslucencyLightingVolumeDim:64]]
[2019.11.13-00.25.30:811][  0]LogConfig: Setting CVar [[r.RefractionQuality:2]]
[2019.11.13-00.25.30:811][  0]LogConfig: Setting CVar [[r.SSR.Quality:3]]
[2019.11.13-00.25.30:811][  0]LogConfig: Setting CVar [[r.SceneColorFormat:4]]
[2019.11.13-00.25.30:811][  0]LogConfig: Setting CVar [[r.DetailMode:2]]
[2019.11.13-00.25.30:811][  0]LogConfig: Setting CVar [[r.TranslucencyVolumeBlur:1]]
[2019.11.13-00.25.30:811][  0]LogConfig: Setting CVar [[r.MaterialQualityLevel:1 ; High quality]]
[2019.11.13-00.25.30:811][  0]LogConfig: Setting CVar [[r.SSS.Scale:1]]
[2019.11.13-00.25.30:811][  0]LogConfig: Setting CVar [[r.SSS.SampleSet:2]]
[2019.11.13-00.25.30:811][  0]LogConfig: Setting CVar [[r.SSS.Quality:1]]
[2019.11.13-00.25.30:811][  0]LogConfig: Setting CVar [[r.SSS.HalfRes:1]]
[2019.11.13-00.25.30:811][  0]LogConfig: Setting CVar [[r.EmitterSpawnRateScale:1.0]]
[2019.11.13-00.25.30:811][  0]LogConfig: Setting CVar [[r.ParticleLightQuality:2]]
[2019.11.13-00.25.30:811][  0]LogConfig: Applying CVar settings from Section [FoliageQuality@3] File [D:/Unreal/Unreal Projects/Greifhaken/MyProject5/Saved/Config/Windows/Scalability.ini]
[2019.11.13-00.25.30:811][  0]LogConfig: Setting CVar [[foliage.DensityScale:1.0]]
[2019.11.13-00.25.30:811][  0]LogConfig: Setting CVar [[grass.DensityScale:1.0]]
[2019.11.13-00.25.30:811][  0]LogConfig: Applying CVar settings from Section [Startup] File [../../../Engine/Config/ConsoleVariables.ini]
[2019.11.13-00.25.30:811][  0]LogConfig: Setting CVar [[net.UseAdaptiveNetUpdateFrequency:0]]
[2019.11.13-00.25.30:811][  0]LogConfig: Setting CVar [[p.chaos.AllowCreatePhysxBodies:1]]
[2019.11.13-00.25.30:811][  0]LogConfig: Applying CVar settings from Section [ConsoleVariables] File [D:/Unreal/Unreal Projects/Greifhaken/MyProject5/Saved/Config/Windows/Engine.ini]
[2019.11.13-00.25.30:811][  0]LogInit: Computer: DESKTOP-638PJA8
[2019.11.13-00.25.30:812][  0]LogInit: User: colin
[2019.11.13-00.25.30:812][  0]LogInit: CPU Page size=4096, Cores=4
[2019.11.13-00.25.30:812][  0]LogInit: High frequency timer resolution =10.000000 MHz
[2019.11.13-00.25.30:812][  0]LogMemory: Memory total: Physical=16.0GB (16GB approx)
[2019.11.13-00.25.30:812][  0]LogMemory: Platform Memory Stats for Windows
[2019.11.13-00.25.30:812][  0]LogMemory: Process Physical Memory: 100.36 MB used, 100.36 MB peak
[2019.11.13-00.25.30:812][  0]LogMemory: Process Virtual Memory: 100.57 MB used, 100.57 MB peak
[2019.11.13-00.25.30:812][  0]LogMemory: Physical Memory: 5346.59 MB used,  10990.77 MB free, 16337.36 MB total
[2019.11.13-00.25.30:812][  0]LogMemory: Virtual Memory: 4682.96 MB used,  134213048.00 MB free, 134217728.00 MB total
[2019.11.13-00.25.31:091][  0]LogWindows: WindowsPlatformFeatures enabled
[2019.11.13-00.25.31:392][  0]LogInit: Using OS detected language (en-US).
[2019.11.13-00.25.31:392][  0]LogInit: Using OS detected locale (en-US).
[2019.11.13-00.25.31:393][  0]LogTextLocalizationManager: No specific localization for 'en-US' exists, so the 'en' localization will be used.
[2019.11.13-00.25.31:590][  0]LogInit: Setting process to per monitor DPI aware
[2019.11.13-00.25.31:662][  0]LogSlate: New Slate User Created.  User Index 0, Is Virtual User: 0
[2019.11.13-00.25.31:663][  0]LogSlate: Slate User Registered.  User Index 0, Is Virtual User: 0
[2019.11.13-00.25.31:886][  0]LogHMD: Failed to initialize OpenVR with code 110
[2019.11.13-00.25.31:886][  0]LogD3D11RHI: D3D11 adapters:
[2019.11.13-00.25.31:956][  0]LogD3D11RHI:    0. 'NVIDIA GeForce GTX 980M' (Feature Level 11_0)
[2019.11.13-00.25.31:956][  0]LogD3D11RHI:       8144/0/8168 MB DedicatedVideo/DedicatedSystem/SharedSystem, Outputs:2, VendorId:0x10de
[2019.11.13-00.25.31:959][  0]LogD3D11RHI:    1. 'Microsoft Basic Render Driver' (Feature Level 11_0)
[2019.11.13-00.25.31:959][  0]LogD3D11RHI:       0/0/8168 MB DedicatedVideo/DedicatedSystem/SharedSystem, Outputs:0, VendorId:0x1414
[2019.11.13-00.25.31:959][  0]LogD3D11RHI: Chosen D3D11 Adapter: 0
[2019.11.13-00.25.31:966][  0]LogD3D11RHI: Creating new Direct3DDevice
[2019.11.13-00.25.31:966][  0]LogD3D11RHI:     GPU DeviceId: 0x1617 (for the marketing name, search the web for "GPU Device Id")
[2019.11.13-00.25.31:966][  0]LogWindows: EnumDisplayDevices:
[2019.11.13-00.25.31:967][  0]LogWindows:    0. 'NVIDIA GeForce GTX 980M' (P:0 D:1)
[2019.11.13-00.25.31:967][  0]LogWindows:    1. 'NVIDIA GeForce GTX 980M' (P:1 D:1)
[2019.11.13-00.25.31:967][  0]LogWindows:    2. 'NVIDIA GeForce GTX 980M' (P:0 D:0)
[2019.11.13-00.25.31:967][  0]LogWindows:    3. 'NVIDIA GeForce GTX 980M' (P:0 D:0)
[2019.11.13-00.25.31:968][  0]LogWindows: DebugString: FoundDriverCount:4 
[2019.11.13-00.25.31:968][  0]LogD3D11RHI:     Adapter Name: NVIDIA GeForce GTX 980M
[2019.11.13-00.25.31:968][  0]LogD3D11RHI:   Driver Version: 417.71 (internal:25.21.14.1771, unified:417.71)
[2019.11.13-00.25.31:968][  0]LogD3D11RHI:      Driver Date: 1-11-2019
[2019.11.13-00.25.31:968][  0]LogRHI: Texture pool is 5701 MB (70% of 8144 MB)
[2019.11.13-00.25.32:015][  0]LogD3D11RHI: Async texture creation enabled
[2019.11.13-00.25.32:040][  0]LogD3D11RHI: GPU Timing Frequency: 1000.000000 (Debug: 2 2)
[2019.11.13-00.25.32:495][  0]LogTemp: Display: Module 'AllDesktopTargetPlatform' loaded TargetPlatform 'AllDesktop'
[2019.11.13-00.25.32:507][  0]LogTemp: Display: Module 'MacClientTargetPlatform' loaded TargetPlatform 'MacClient'
[2019.11.13-00.25.32:518][  0]LogTemp: Display: Module 'MacNoEditorTargetPlatform' loaded TargetPlatform 'MacNoEditor'
[2019.11.13-00.25.32:527][  0]LogTemp: Display: Module 'MacServerTargetPlatform' loaded TargetPlatform 'MacServer'
[2019.11.13-00.25.32:540][  0]LogTemp: Display: Module 'MacTargetPlatform' loaded TargetPlatform 'Mac'
[2019.11.13-00.25.32:550][  0]LogTemp: Display: Module 'WindowsClientTargetPlatform' loaded TargetPlatform 'WindowsClient'
[2019.11.13-00.25.32:560][  0]LogTemp: Display: Module 'WindowsNoEditorTargetPlatform' loaded TargetPlatform 'WindowsNoEditor'
[2019.11.13-00.25.32:571][  0]LogTemp: Display: Module 'WindowsServerTargetPlatform' loaded TargetPlatform 'WindowsServer'
[2019.11.13-00.25.32:576][  0]LogTemp: Display: Module 'WindowsTargetPlatform' loaded TargetPlatform 'Windows'
[2019.11.13-00.25.32:616][  0]LogTemp: Display: Module 'AndroidTargetPlatform' loaded TargetPlatform 'Android'
[2019.11.13-00.25.32:616][  0]LogTemp: Display: Module 'AndroidTargetPlatform' loaded TargetPlatform 'Android_ASTC'
[2019.11.13-00.25.32:616][  0]LogTemp: Display: Module 'AndroidTargetPlatform' loaded TargetPlatform 'Android_ATC'
[2019.11.13-00.25.32:616][  0]LogTemp: Display: Module 'AndroidTargetPlatform' loaded TargetPlatform 'Android_DXT'
[2019.11.13-00.25.32:616][  0]LogTemp: Display: Module 'AndroidTargetPlatform' loaded TargetPlatform 'Android_ETC1'
[2019.11.13-00.25.32:616][  0]LogTemp: Display: Module 'AndroidTargetPlatform' loaded TargetPlatform 'Android_ETC1a'
[2019.11.13-00.25.32:616][  0]LogTemp: Display: Module 'AndroidTargetPlatform' loaded TargetPlatform 'Android_ETC2'
[2019.11.13-00.25.32:616][  0]LogTemp: Display: Module 'AndroidTargetPlatform' loaded TargetPlatform 'Android_PVRTC'
[2019.11.13-00.25.32:616][  0]LogTemp: Display: Module 'AndroidTargetPlatform' loaded TargetPlatform 'AndroidClient'
[2019.11.13-00.25.32:616][  0]LogTemp: Display: Module 'AndroidTargetPlatform' loaded TargetPlatform 'Android_ASTCClient'
[2019.11.13-00.25.32:616][  0]LogTemp: Display: Module 'AndroidTargetPlatform' loaded TargetPlatform 'Android_ATCClient'
[2019.11.13-00.25.32:616][  0]LogTemp: Display: Module 'AndroidTargetPlatform' loaded TargetPlatform 'Android_DXTClient'
[2019.11.13-00.25.32:616][  0]LogTemp: Display: Module 'AndroidTargetPlatform' loaded TargetPlatform 'Android_ETC1Client'
[2019.11.13-00.25.32:616][  0]LogTemp: Display: Module 'AndroidTargetPlatform' loaded TargetPlatform 'Android_ETC1aClient'
[2019.11.13-00.25.32:616][  0]LogTemp: Display: Module 'AndroidTargetPlatform' loaded TargetPlatform 'Android_ETC2Client'
[2019.11.13-00.25.32:616][  0]LogTemp: Display: Module 'AndroidTargetPlatform' loaded TargetPlatform 'Android_PVRTCClient'
[2019.11.13-00.25.32:616][  0]LogTemp: Display: Module 'AndroidTargetPlatform' loaded TargetPlatform 'Android_Multi'
[2019.11.13-00.25.32:616][  0]LogTemp: Display: Module 'AndroidTargetPlatform' loaded TargetPlatform 'Android_MultiClient'
[2019.11.13-00.25.32:619][  0]LogTemp: Display: Module 'HTML5TargetPlatform' loaded TargetPlatform 'HTML5'
[2019.11.13-00.25.32:649][  0]LogTemp: Display: Module 'IOSTargetPlatform' loaded TargetPlatform 'IOSClient'
[2019.11.13-00.25.32:649][  0]LogTemp: Display: Module 'IOSTargetPlatform' loaded TargetPlatform 'IOS'
[2019.11.13-00.25.32:669][  0]LogTemp: Display: Module 'TVOSTargetPlatform' loaded TargetPlatform 'TVOSClient'
[2019.11.13-00.25.32:669][  0]LogTemp: Display: Module 'TVOSTargetPlatform' loaded TargetPlatform 'TVOS'
[2019.11.13-00.25.32:678][  0]LogTemp: Display: Module 'LinuxClientTargetPlatform' loaded TargetPlatform 'LinuxClient'
[2019.11.13-00.25.32:687][  0]LogTemp: Display: Module 'LinuxNoEditorTargetPlatform' loaded TargetPlatform 'LinuxNoEditor'
[2019.11.13-00.25.32:696][  0]LogTemp: Display: Module 'LinuxServerTargetPlatform' loaded TargetPlatform 'LinuxServer'
[2019.11.13-00.25.32:710][  0]LogTemp: Display: Module 'LinuxTargetPlatform' loaded TargetPlatform 'Linux'
[2019.11.13-00.25.32:740][  0]LogTemp: Display: Module 'LuminTargetPlatform' loaded TargetPlatform 'Lumin'
[2019.11.13-00.25.32:740][  0]LogTemp: Display: Module 'LuminTargetPlatform' loaded TargetPlatform 'LuminClient'
[2019.11.13-00.25.32:740][  0]LogTargetPlatformManager: Display: Building Assets For Windows
[2019.11.13-00.25.32:750][  0]LogAudioDebug: Display: Lib vorbis DLL was dynamically loaded.
[2019.11.13-00.25.32:819][  0]LogShaderCompilers: Guid format shader working directory is -6 characters bigger than the processId version (../../../../../Unreal Projects/Greifhaken/MyProject5/Intermediate/Shaders/WorkingDirectory/3612/).
[2019.11.13-00.25.32:820][  0]LogShaderCompilers: Cleaned the shader compiler working directory 'C:/Users/colin/AppData/Local/Temp/UnrealShaderWorkingDir/2B068C724743CE7AA9C4EFA0A2CCF1A3/'.
[2019.11.13-00.25.32:821][  0]LogXGEController: Cleaning working directory: C:/Users/colin/AppData/Local/Temp/UnrealXGEWorkingDir/
[2019.11.13-00.25.32:821][  0]LogXGEController: Cannot use XGE Controller as Incredibuild is not installed on this machine.
[2019.11.13-00.25.32:822][  0]LogShaderCompilers: Cannot use XGE Shader Compiler as Incredibuild is not installed on this machine.
[2019.11.13-00.25.32:822][  0]LogShaderCompilers: Display: Using Local Shader Compiler.
[2019.11.13-00.25.33:545][  0]LogDerivedDataCache: Display: Max Cache Size: 512 MB
[2019.11.13-00.25.33:606][  0]LogDerivedDataCache: Loaded boot cache 0.06s 73MB C:/Users/colin/AppData/Local/UnrealEngine/4.23/DerivedDataCache/Boot.ddc.
[2019.11.13-00.25.33:606][  0]LogDerivedDataCache: Display: Loaded Boot cache: C:/Users/colin/AppData/Local/UnrealEngine/4.23/DerivedDataCache/Boot.ddc
[2019.11.13-00.25.33:606][  0]LogDerivedDataCache: FDerivedDataBackendGraph:  Pak pak cache file ../../../../../Unreal Projects/Greifhaken/MyProject5/DerivedDataCache/DDC.ddp not found, will not use a pak cache.
[2019.11.13-00.25.33:606][  0]LogDerivedDataCache: Unable to find inner node Pak for hierarchical cache Hierarchy.
[2019.11.13-00.25.33:606][  0]LogDerivedDataCache: FDerivedDataBackendGraph:  CompressedPak pak cache file ../../../../../Unreal Projects/Greifhaken/MyProject5/DerivedDataCache/Compressed.ddp not found, will not use a pak cache.
[2019.11.13-00.25.33:606][  0]LogDerivedDataCache: Unable to find inner node CompressedPak for hierarchical cache Hierarchy.
[2019.11.13-00.25.33:618][  0]LogDerivedDataCache: Display: Pak cache opened for reading ../../../Engine/DerivedDataCache/Compressed.ddp.
[2019.11.13-00.25.33:618][  0]LogDerivedDataCache: FDerivedDataBackendGraph:  EnterprisePak pak cache file ../../../Enterprise/DerivedDataCache/Compressed.ddp not found, will not use a pak cache.
[2019.11.13-00.25.33:618][  0]LogDerivedDataCache: Unable to find inner node EnterprisePak for hierarchical cache Hierarchy.
[2019.11.13-00.25.33:620][  0]LogDerivedDataCache: Using Local data cache path C:/Users/colin/AppData/Local/UnrealEngine/Common/DerivedDataCache: Writable
[2019.11.13-00.25.33:620][  0]LogDerivedDataCache: Shared data cache path not found in *engine.ini, will not use an Shared cache.
[2019.11.13-00.25.33:620][  0]LogDerivedDataCache: Unable to find inner node Shared for hierarchical cache Hierarchy.
[2019.11.13-00.25.33:645][  0]LogMaterial: Verifying Global Shaders for PCD3D_SM5
[2019.11.13-00.25.33:647][  0]LogSlate: Using FreeType 2.6.0
[2019.11.13-00.25.33:648][  0]LogSlate: SlateFontServices - WITH_FREETYPE: 1, WITH_HARFBUZZ: 1
[2019.11.13-00.25.33:717][  0]LogAssetRegistry: FAssetRegistry took 0.0026 seconds to start up
[2019.11.13-00.25.34:034][  0]LogInit: Selected Device Profile: [Windows]
[2019.11.13-00.25.34:214][  0]LogMeshReduction: Using QuadricMeshReduction for automatic static mesh reduction
[2019.11.13-00.25.34:214][  0]LogMeshReduction: Using SimplygonMeshReduction for automatic skeletal mesh reduction
[2019.11.13-00.25.34:214][  0]LogMeshReduction: Using ProxyLODMeshReduction for automatic mesh merging
[2019.11.13-00.25.34:214][  0]LogMeshReduction: No distributed automatic mesh merging module available
[2019.11.13-00.25.34:214][  0]LogMeshMerging: No distributed automatic mesh merging module available
[2019.11.13-00.25.34:226][  0]LogNetVersion: MyProject5 1.0.0, NetCL: 8386587, EngineNetVer: 11, GameNetVer: 0 (Checksum: 3514938842)
[2019.11.13-00.25.34:725][  0]LogPackageLocalizationCache: Processed 12 localized package path(s) for 1 prioritized culture(s) in 0.056102 seconds
[2019.11.13-00.25.34:732][  0]LogUObjectArray: 43444 objects as part of root set at end of initial load.
[2019.11.13-00.25.34:732][  0]LogUObjectAllocator: 7548648 out of 0 bytes used by permanent object pool.
[2019.11.13-00.25.34:732][  0]LogUObjectArray: CloseDisregardForGC: 0/0 objects in disregard for GC pool
[2019.11.13-00.25.35:807][  0]LogTcpMessaging: Initializing TcpMessaging bridge
[2019.11.13-00.25.35:812][  0]LogUdpMessaging: Initializing bridge on interface 0.0.0.0:0 to multicast group 230.0.0.1:6666.
[2019.11.13-00.25.35:904][  0]SourceControl: Source control is disabled
[2019.11.13-00.25.35:904][  0]SourceControl: Source control is disabled
[2019.11.13-00.25.35:907][  0]SourceControl: Source control is disabled
[2019.11.13-00.25.35:909][  0]SourceControl: Source control is disabled
[2019.11.13-00.25.36:066][  0]LogAndroidPermission: UAndroidPermissionCallbackProxy::GetInstance
[2019.11.13-00.25.36:303][  0]LogOcInput: OculusInput pre-init called
[2019.11.13-00.25.36:313][  0]LogWindows: Failed to load 'OVRPlugin.dll' (GetLastError=126)
[2019.11.13-00.25.36:313][  0]LogWindows: File 'OVRPlugin.dll' does not exist
[2019.11.13-00.25.36:395][  0]LogEngine: Initializing Engine...
[2019.11.13-00.25.36:395][  0]LogHMD: Failed to initialize OpenVR with code 110
[2019.11.13-00.25.36:396][  0]LogStats: UGameplayTagsManager::InitializeManager -  0.000 s
[2019.11.13-00.25.36:646][  0]LogInit: Initializing FReadOnlyCVARCache
[2019.11.13-00.25.36:664][  0]LogAIModule: Creating AISystem for world Untitled
[2019.11.13-00.25.36:742][  0]LogInit: XAudio2 using 'HeadPhone/Digital Output (Realtek High Definition Audio)' : 6 channels at 48 kHz using 16 bits per sample (channel mask 0x3f)
[2019.11.13-00.25.36:888][  0]LogInit: FAudioDevice initialized.
[2019.11.13-00.25.36:888][  0]LogNetVersion: Set ProjectVersion to 1.0.0.0. Version Checksum will be recalculated on next use.
[2019.11.13-00.25.36:964][  0]LogDerivedDataCache: Saved boot cache 0.08s 73MB C:/Users/colin/AppData/Local/UnrealEngine/4.23/DerivedDataCache/Boot.ddc.
[2019.11.13-00.25.36:971][  0]LogInit: Texture streaming: Enabled
[2019.11.13-00.25.36:993][  0]LogEngineSessionManager: EngineSessionManager initialized
[2019.11.13-00.25.36:994][  0]LogEditorSessionSummary: Verbose: Initializing EditorSessionSummaryWriter for editor session tracking
[2019.11.13-00.25.36:997][  0]LogEditorSessionSummary: EditorSessionSummaryWriter initialized
[2019.11.13-00.25.37:050][  0]LogInit: Transaction tracking system initialized
[2019.11.13-00.25.37:088][  0]BlueprintLog: New page: Editor Load
[2019.11.13-00.25.37:177][  0]LocalizationService: Localization service is disabled
[2019.11.13-00.25.37:485][  0]LogCook: Display: Max memory allowance for cook 16384mb min free memory 0mb
[2019.11.13-00.25.37:485][  0]LogCook: Display: Mobile HDR setting 1
[2019.11.13-00.25.37:502][  0]LogFileCache: Scanning file cache for directory 'D:/Unreal/Unreal Projects/Greifhaken/MyProject5/Content/' took 0.02s
[2019.11.13-00.25.37:721][  0]SourceControl: Source control is disabled
[2019.11.13-00.25.37:721][  0]Cmd: MAP LOAD FILE="../../../../../Unreal Projects/Greifhaken/MyProject5/Content/ThirdPersonBP/Maps/ThirdPersonExampleMap.umap" TEMPLATE=0 SHOWPROGRESS=1 FEATURELEVEL=3
[2019.11.13-00.25.37:721][  0]LightingResults: New page: Lighting Build
[2019.11.13-00.25.37:723][  0]LogWorld: UWorld::CleanupWorld for Untitled, bSessionEnded=true, bCleanupResources=true
[2019.11.13-00.25.37:724][  0]MapCheck: New page: Map Check
[2019.11.13-00.25.37:724][  0]LightingResults: New page: Lighting Build
[2019.11.13-00.25.37:753][  0]LogUObjectHash: Compacting FUObjectHashTables data took   1.90ms
[2019.11.13-00.25.40:337][  0]LogBlueprint: Warning: [Compiler BP_GameController] InputAction Event references unknown Action 'GameMenu' for  InputAction GameMenu
[2019.11.13-00.25.40:337][  0]LogBlueprint: Warning: [Compiler BP_GameController] InputAction Event references unknown Action 'Journal' for  InputAction Journal
[2019.11.13-00.25.40:738][  0]LogBlueprint: Warning: [Compiler BP_InspectableInventoryObject] Input Axis Event references unknown Axis 'RotateObjectY' for  InputAxis RotateObjectY
[2019.11.13-00.25.40:738][  0]LogBlueprint: Warning: [Compiler BP_InspectableInventoryObject] Input Axis Event references unknown Axis 'RotateObjectX' for  InputAxis RotateObjectX
[2019.11.13-00.25.40:768][  0]LogBlueprint: Warning: [Compiler BP_InspectableInventoryObject_Clue] Input Axis Event references unknown Axis 'RotateObjectY' for  InputAxis RotateObjectY
[2019.11.13-00.25.40:768][  0]LogBlueprint: Warning: [Compiler BP_InspectableInventoryObject_Clue] Input Axis Event references unknown Axis 'RotateObjectX' for  InputAxis RotateObjectX
[2019.11.13-00.25.40:774][  0]LogBlueprint: Warning: [Compiler BP_InspectableInventoryObject_Clue] Input pin  Method  specifying non-default value no longer exists on node  Make PostProcessSettings . Please refresh node or reset pin to default value to remove pin.
[2019.11.13-00.25.40:830][  0]LogBlueprint: Warning: [Compiler BP_Master_CollectableObject_Clue] InputAction Event references unknown Action 'SecondaryInteraction' for  InputAction SecondaryInteraction
[2019.11.13-00.25.40:831][  0]LogBlueprint: Warning: [Compiler BP_Master_CollectableObject_Clue] Input Axis Event references unknown Axis 'RotateObjectY' for  InputAxis RotateObjectY
[2019.11.13-00.25.40:831][  0]LogBlueprint: Warning: [Compiler BP_Master_CollectableObject_Clue] Input Axis Event references unknown Axis 'RotateObjectX' for  InputAxis RotateObjectX
[2019.11.13-00.25.40:835][  0]LogBlueprint: Warning: [Compiler BP_Master_CollectableObject_Clue] Input pin  Method  specifying non-default value no longer exists on node  Make PostProcessSettings . Please refresh node or reset pin to default value to remove pin.
[2019.11.13-00.25.40:866][  0]LogBlueprint: Warning: [Compiler BP_Master_Door_DragInput] Input Axis Event references unknown Axis 'RotateObjectX' for  InputAxis RotateObjectX
[2019.11.13-00.25.40:866][  0]LogBlueprint: Warning: [Compiler BP_Master_Door_DragInput] Input Axis Event references unknown Axis 'RotateObjectY' for  InputAxis RotateObjectY
[2019.11.13-00.25.40:904][  0]LogBlueprint: Warning: [Compiler BP_Master_InspectableObject_Clue] Input Axis Event references unknown Axis 'RotateObjectY' for  InputAxis RotateObjectY
[2019.11.13-00.25.40:904][  0]LogBlueprint: Warning: [Compiler BP_Master_InspectableObject_Clue] Input Axis Event references unknown Axis 'RotateObjectX' for  InputAxis RotateObjectX
[2019.11.13-00.25.40:908][  0]LogBlueprint: Warning: [Compiler BP_Master_InspectableObject_Clue] Input pin  Method  specifying non-default value no longer exists on node  Make PostProcessSettings . Please refresh node or reset pin to default value to remove pin.
[2019.11.13-00.25.40:956][  0]LogBlueprint: Warning: [Compiler BP_ReadableInventoryLetterSimple] InputAction Event references unknown Action 'ToggleText' for  InputAction ToggleText
[2019.11.13-00.25.40:974][  0]LogBlueprint: Warning: [Compiler BP_ReadableInventoryLetterUIFont] InputAction Event references unknown Action 'SecondaryInteraction' for  InputAction SecondaryInteraction
[2019.11.13-00.25.41:011][  0]LogBlueprint: Warning: [Compiler FirstPersonCharacter] InputAction Event references unknown Action 'Use' for  InputAction Use
[2019.11.13-00.25.41:012][  0]LogBlueprint: Error: [Compiler FirstPersonCharacter] In use pin  First Person Character  no longer exists on node  Set . Please refresh node or break links to remove pin.
[2019.11.13-00.25.43:829][  0]LogAIModule: Creating AISystem for world ThirdPersonExampleMap
[2019.11.13-00.25.43:834][  0]LogEditorServer: Finished looking for orphan Actors (0.000 secs)
[2019.11.13-00.25.43:924][  0]LogUObjectHash: Compacting FUObjectHashTables data took   6.83ms
[2019.11.13-00.25.43:924][  0]Cmd: MAP CHECKDEP NOCLEARLOG
[2019.11.13-00.25.43:924][  0]MapCheck: Map check complete: 0 Error(s), 0 Warning(s), took 0.097ms to complete.
[2019.11.13-00.25.43:924][  0]LogFileHelpers: Loading map 'ThirdPersonExampleMap' took 6.203
[2019.11.13-00.25.44:024][  0]LogSlate: Updating window title bar state: overlay mode, drag disabled, window buttons hidden, title bar hidden
[2019.11.13-00.25.44:031][  0]LogSlate: Updating window title bar state: overlay mode, drag disabled, window buttons hidden, title bar hidden
[2019.11.13-00.25.44:041][  0]LogSlate: Updating window title bar state: overlay mode, drag disabled, window buttons hidden, title bar hidden
[2019.11.13-00.25.44:051][  0]LogSlate: Updating window title bar state: overlay mode, drag disabled, window buttons hidden, title bar hidden
[2019.11.13-00.25.44:060][  0]LogCollectionManager: Loaded 0 collections in 0.001289 seconds
[2019.11.13-00.25.44:066][  0]LogFileCache: Scanning file cache for directory 'D:/Unreal/Unreal Projects/Greifhaken/MyProject5/Saved/Collections/' took 0.00s
[2019.11.13-00.25.44:067][  0]LogFileCache: Scanning file cache for directory 'D:/Unreal/Unreal Projects/Greifhaken/MyProject5/Content/Developers/colin/Collections/' took 0.00s
[2019.11.13-00.25.44:067][  0]LogFileCache: Scanning file cache for directory 'D:/Unreal/Unreal Projects/Greifhaken/MyProject5/Content/Collections/' took 0.00s
[2019.11.13-00.25.44:067][  0]LogCollectionManager: Rebuilt the GUID cache for 0 collections in 0.000002 seconds
[2019.11.13-00.25.44:078][  0]LogContentBrowser: Native class hierarchy populated in 0.0117 seconds. Added 2863 classes and 680 folders.
[2019.11.13-00.25.44:084][  0]LogContentBrowser: Native class hierarchy updated for 'WidgetCarousel' in 0.0002 seconds. Added 0 classes and 0 folders.
[2019.11.13-00.25.44:127][  0]LogContentBrowser: Native class hierarchy updated for 'AddContentDialog' in 0.0003 seconds. Added 0 classes and 0 folders.
[2019.11.13-00.25.44:137][  0]LogContentBrowser: Native class hierarchy updated for 'WorldBrowser' in 0.0003 seconds. Added 2 classes and 3 folders.
[2019.11.13-00.25.44:146][  0]LogContentBrowser: Native class hierarchy updated for 'SceneOutliner' in 0.0002 seconds. Added 1 classes and 2 folders.
[2019.11.13-00.25.44:325][  0]LogSlate: Took 0.000344 seconds to synchronously load lazily loaded font '../../../Engine/Content/Slate/Fonts/Roboto-Regular.ttf' (155K)
[2019.11.13-00.25.44:329][  0]LogSlate: Took 0.000185 seconds to synchronously load lazily loaded font '../../../Engine/Content/Slate/Fonts/Roboto-Bold.ttf' (160K)
[2019.11.13-00.25.44:335][  0]LogSlate: Took 0.000247 seconds to synchronously load lazily loaded font '../../../Engine/Content/Editor/Slate/Fonts/FontAwesome.ttf' (139K)
[2019.11.13-00.25.44:411][  0]LogRenderer: Reallocating scene render targets to support 1160x640 Format 10 NumSamples 1 (Frame:1).
[2019.11.13-00.25.44:587][  0]LogContentBrowser: Native class hierarchy updated for 'HierarchicalLODOutliner' in 0.0003 seconds. Added 0 classes and 0 folders.
[2019.11.13-00.25.44:587][  0]LogLoad: (Engine Initialization) Total time: 15.14 seconds
[2019.11.13-00.25.44:587][  0]LogLoad: (Engine Initialization) Total Blueprint compile time: 0.00 seconds
[2019.11.13-00.25.44:606][  0]LoadErrors: Error: /Game/FPGrappleHook/FirstPersonBP/Blueprints/FirstPersonCharacter : Failed import for ObjectProperty /Game/FPGrappleHook/Blueprints/Widget/GrappleHUD.GrappleHUD_C:FirstPersonCharacter Referenced by export Function /Game/FPGrappleHook/FirstPersonBP/Blueprints/FirstPersonCharacter.FirstPersonCharacter_C:ExecuteUbergraph_FirstPersonCharacter
[2019.11.13-00.25.44:662][  0]LogContentStreaming: Texture pool size now 1000 MB
[2019.11.13-00.25.44:666][  0]LogSlate: FSceneViewport::OnFocusLost() reason 5
[2019.11.13-00.25.44:687][  0]LogSlate: Took 0.000157 seconds to synchronously load lazily loaded font '../../../Engine/Content/Slate/Fonts/Roboto-Light.ttf' (167K)
[2019.11.13-00.25.45:564][ 35]LogAssetRegistry: Asset discovery search completed in 11.8486 seconds
[2019.11.13-00.25.45:568][ 35]LogCollectionManager: Rebuilt the object cache for 0 collections in 0.000006 seconds (found 0 objects)
[2019.11.13-00.25.45:568][ 35]LogCollectionManager: Fixed up redirectors for 0 collections in 0.000080 seconds (updated 0 objects)
[2019.11.13-00.25.48:218][160]LogSlate: Window 'Message Log' being destroyed
[2019.11.13-00.25.48:240][160]LogSlate: Window 'Message Log' being destroyed
[2019.11.13-00.25.49:851][249]LogSlate: FSceneViewport::OnFocusLost() reason 0
[2019.11.13-00.25.51:276][324]LogSlate: Took 0.000156 seconds to synchronously load lazily loaded font '../../../Engine/Content/Slate/Fonts/Roboto-Light.ttf' (167K)
[2019.11.13-00.25.51:308][324]LogAIModule: Creating AISystem for world Colin_Level
[2019.11.13-00.25.51:312][324]LogAssetEditorManager: Opening Asset editor for World /Game/Maps/Colin_Level.Colin_Level
[2019.11.13-00.25.51:345][324]LogUObjectHash: Compacting FUObjectHashTables data took   2.98ms
[2019.11.13-00.25.51:347][324]Cmd: MAP LOAD FILE="../../../../../Unreal Projects/Greifhaken/MyProject5/Content/Maps/Colin_Level.umap" TEMPLATE=0 SHOWPROGRESS=1 FEATURELEVEL=3
[2019.11.13-00.25.51:347][324]LightingResults: New page: Lighting Build
[2019.11.13-00.25.51:347][324]LoadErrors: New page: Loading map: Colin_Level.umap
[2019.11.13-00.25.51:381][324]LogWorld: UWorld::CleanupWorld for ThirdPersonExampleMap, bSessionEnded=true, bCleanupResources=true
[2019.11.13-00.25.51:381][324]MapCheck: New page: Map Check
[2019.11.13-00.25.51:381][324]LightingResults: New page: Lighting Build
[2019.11.13-00.25.51:414][324]LogUObjectHash: Compacting FUObjectHashTables data took   3.22ms
[2019.11.13-00.25.51:485][324]LogEditorServer: Finished looking for orphan Actors (0.000 secs)
[2019.11.13-00.25.51:518][324]LogUObjectHash: Compacting FUObjectHashTables data took   2.33ms
[2019.11.13-00.25.51:541][324]Cmd: MAP CHECKDEP NOCLEARLOG
[2019.11.13-00.25.51:541][324]MapCheck: Map check complete: 0 Error(s), 0 Warning(s), took 0.067ms to complete.
[2019.11.13-00.25.51:541][324]LogFileHelpers: Loading map 'Colin_Level' took 0.195
[2019.11.13-00.25.54:597][504]LogSlate: FSceneViewport::OnFocusLost() reason 0
[2019.11.13-00.25.54:660][508]LogRenderer: Reallocating scene render targets to support 1160x656 Format 10 NumSamples 1 (Frame:195).
[2019.11.13-00.25.54:687][509]LogRenderer: Reallocating scene render targets to support 1160x680 Format 10 NumSamples 1 (Frame:197).
[2019.11.13-00.25.54:714][510]LogRenderer: Reallocating scene render targets to support 1160x712 Format 10 NumSamples 1 (Frame:199).
[2019.11.13-00.25.54:747][511]LogRenderer: Reallocating scene render targets to support 1160x744 Format 10 NumSamples 1 (Frame:201).
[2019.11.13-00.25.54:779][512]LogRenderer: Reallocating scene render targets to support 1160x776 Format 10 NumSamples 1 (Frame:203).
[2019.11.13-00.25.54:809][513]LogRenderer: Reallocating scene render targets to support 1160x804 Format 10 NumSamples 1 (Frame:205).
[2019.11.13-00.25.54:837][514]LogRenderer: Reallocating scene render targets to support 1160x812 Format 10 NumSamples 1 (Frame:207).
[2019.11.13-00.25.54:861][515]LogRenderer: Reallocating scene render targets to support 1160x820 Format 10 NumSamples 1 (Frame:209).
[2019.11.13-00.25.54:882][516]LogRenderer: Reallocating scene render targets to support 1160x828 Format 10 NumSamples 1 (Frame:211).
[2019.11.13-00.25.54:906][517]LogRenderer: Reallocating scene render targets to support 1160x832 Format 10 NumSamples 1 (Frame:213).
[2019.11.13-00.25.54:936][518]LogRenderer: Reallocating scene render targets to support 1160x836 Format 10 NumSamples 1 (Frame:215).
[2019.11.13-00.25.54:976][520]LogRenderer: Reallocating scene render targets to support 1160x840 Format 10 NumSamples 1 (Frame:219).
[2019.11.13-00.25.56:846][632]LogRenderer: Reallocating scene render targets to support 1164x840 Format 10 NumSamples 1 (Frame:298).
[2019.11.13-00.25.56:870][633]LogRenderer: Reallocating scene render targets to support 1172x840 Format 10 NumSamples 1 (Frame:300).
[2019.11.13-00.25.56:896][634]LogRenderer: Reallocating scene render targets to support 1192x840 Format 10 NumSamples 1 (Frame:302).
[2019.11.13-00.25.56:931][634]LogRenderer: Reallocating scene render targets to support 1224x840 Format 10 NumSamples 1 (Frame:304).
[2019.11.13-00.25.56:975][636]LogRenderer: Reallocating scene render targets to support 1264x840 Format 10 NumSamples 1 (Frame:306).
[2019.11.13-00.25.57:024][637]LogRenderer: Reallocating scene render targets to support 1276x840 Format 10 NumSamples 1 (Frame:308).
[2019.11.13-00.25.57:054][638]LogRenderer: Reallocating scene render targets to support 1288x840 Format 10 NumSamples 1 (Frame:310).
[2019.11.13-00.25.57:089][639]LogRenderer: Reallocating scene render targets to support 1292x840 Format 10 NumSamples 1 (Frame:312).
[2019.11.13-00.25.57:130][641]LogRenderer: Reallocating scene render targets to support 1296x840 Format 10 NumSamples 1 (Frame:316).
[2019.11.13-00.25.57:153][642]LogRenderer: Reallocating scene render targets to support 1300x840 Format 10 NumSamples 1 (Frame:318).
[2019.11.13-00.25.57:181][643]LogRenderer: Reallocating scene render targets to support 1308x840 Format 10 NumSamples 1 (Frame:320).
[2019.11.13-00.25.57:207][644]LogRenderer: Reallocating scene render targets to support 1312x840 Format 10 NumSamples 1 (Frame:322).
[2019.11.13-00.25.57:232][645]LogRenderer: Reallocating scene render targets to support 1316x840 Format 10 NumSamples 1 (Frame:324).
[2019.11.13-00.25.57:404][655]LogRenderer: Reallocating scene render targets to support 1320x840 Format 10 NumSamples 1 (Frame:328).
[2019.11.13-00.25.57:447][657]LogRenderer: Reallocating scene render targets to support 1324x840 Format 10 NumSamples 1 (Frame:332).
[2019.11.13-00.25.57:698][672]LogRenderer: Reallocating scene render targets to support 1328x840 Format 10 NumSamples 1 (Frame:340).
[2019.11.13-00.26.02:850][969]LogSlate: FSceneViewport::OnFocusLost() reason 0
[2019.11.13-00.26.04:798][ 83]LogEditorViewport: Clicking on Actor (LMB): StaticMeshActor (Floor)
[2019.11.13-00.26.06:678][187]LogSlate: FSceneViewport::OnFocusLost() reason 0
[2019.11.13-00.26.07:511][232]Cmd: BRUSH ADD SELECTNEWBRUSH
[2019.11.13-00.26.44:764][472]LogEditorSessionSummary: EditorSessionSummary sent report. Type=Shutdown, SessionId={E4BA6849-4FB8-DE3F-F02C-F1B2DB1A1CE2}
[2019.11.13-00.26.44:764][472]LogEditorSessionSummary: EditorSessionSummary sent report. Type=Shutdown, SessionId={B14A2841-48BB-6CA5-C98F-4DA627F6B721}
[2019.11.13-00.27.03:811][694]LogSlate: FSceneViewport::OnFocusLost() reason 0
[2019.11.13-00.31.38:354][547]LogSlate: FSceneViewport::OnFocusLost() reason 0
[2019.11.13-00.31.52:756][112]LogSlate: Window 'New Level' being destroyed
[2019.11.13-00.31.56:015][112]LogSlate: Window 'Save Content' being destroyed
[2019.11.13-00.31.56:050][112]Cmd: OBJ SAVEPACKAGE PACKAGE="/Game/Maps/Colin_Level" FILE="../../../../../Unreal Projects/Greifhaken/MyProject5/Content/Maps/Colin_Level.umap" SILENT=true AUTOSAVING=false KEEPDIRTY=false
[2019.11.13-00.31.56:087][112]LogUObjectHash: Compacting FUObjectHashTables data took   3.03ms
[2019.11.13-00.31.56:309][112]LogSavePackage: Moving '../../../../../Unreal Projects/Greifhaken/MyProject5/Saved/Colin_LevelE1EE5C63467BCF3CB5D183BE978C873D.tmp' to '../../../../../Unreal Projects/Greifhaken/MyProject5/Content/Maps/Colin_Level.umap'
[2019.11.13-00.31.56:338][112]LogFileHelpers: Saving map 'Colin_Level' took 0.289
[2019.11.13-00.31.56:343][112]Cmd: MAP LOAD FILE="../../../Engine/Content/Maps/Templates/Template_Default.umap" TEMPLATE=1 SHOWPROGRESS=1 FEATURELEVEL=3
[2019.11.13-00.31.56:363][112]LightingResults: New page: Lighting Build
[2019.11.13-00.31.56:364][112]LoadErrors: New page: Loading map: Template_Default.umap
[2019.11.13-00.31.56:365][112]LogWorld: UWorld::CleanupWorld for Colin_Level, bSessionEnded=true, bCleanupResources=true
[2019.11.13-00.31.56:366][112]MapCheck: New page: Map Check
[2019.11.13-00.31.56:366][112]LightingResults: New page: Lighting Build
[2019.11.13-00.31.56:397][112]LogUObjectHash: Compacting FUObjectHashTables data took   2.72ms
[2019.11.13-00.31.56:414][112]LogAIModule: Creating AISystem for world Untitled_1
[2019.11.13-00.31.56:489][112]LogEditorServer: Finished looking for orphan Actors (0.000 secs)
[2019.11.13-00.31.56:524][112]LogUObjectHash: Compacting FUObjectHashTables data took   2.80ms
[2019.11.13-00.31.56:531][112]Cmd: MAP CHECKDEP NOCLEARLOG
[2019.11.13-00.31.56:532][112]MapCheck: Map check complete: 0 Error(s), 0 Warning(s), took 0.111ms to complete.
[2019.11.13-00.31.56:532][112]LogFileHelpers: Loading map 'Template_Default' took 0.190
[2019.11.13-00.31.56:549][112]LogAIModule: Creating AISystem for world Colin_Level
[2019.11.13-00.32.11:619][335]LogSlate: Window 'Save Level As' being destroyed
[2019.11.13-00.32.11:715][335]LogUObjectHash: Compacting FUObjectHashTables data took   2.91ms
[2019.11.13-00.32.11:717][335]Cmd: OBJ SAVEPACKAGE PACKAGE="/Game/Maps/Justin_Level" FILE="../../../../../Unreal Projects/Greifhaken/MyProject5/Content/Maps/Justin_Level.umap" SILENT=true AUTOSAVING=false KEEPDIRTY=false
[2019.11.13-00.32.11:750][335]LogUObjectHash: Compacting FUObjectHashTables data took   1.95ms
[2019.11.13-00.32.11:946][335]LogSavePackage: Moving '../../../../../Unreal Projects/Greifhaken/MyProject5/Saved/Justin_Level5D4AFA6549EB5C2225E60EB5546E00F4.tmp' to '../../../../../Unreal Projects/Greifhaken/MyProject5/Content/Maps/Justin_Level.umap'
[2019.11.13-00.32.11:975][335]Cmd: OBJ SAVEPACKAGE PACKAGE="/Game/Maps/Justin_Level_BuiltData" FILE="../../../../../Unreal Projects/Greifhaken/MyProject5/Content/Maps/Justin_Level_BuiltData.uasset" SILENT=true
[2019.11.13-00.32.12:005][335]LogSavePackage: Moving '../../../../../Unreal Projects/Greifhaken/MyProject5/Saved/Justin_Level_BuiltData4E6F7D524B64D15F18C349A8C873DA96.tmp' to '../../../../../Unreal Projects/Greifhaken/MyProject5/Content/Maps/Justin_Level_BuiltData.uasset'
[2019.11.13-00.32.12:016][335]LogFileHelpers: Saving map 'Justin_Level' took 0.389
[2019.11.13-00.32.12:017][335]Cmd: MAP LOAD FILE="../../../../../Unreal Projects/Greifhaken/MyProject5/Content/Maps/Justin_Level.umap" TEMPLATE=0 SHOWPROGRESS=1 FEATURELEVEL=3
[2019.11.13-00.32.12:040][335]LightingResults: New page: Lighting Build
[2019.11.13-00.32.12:041][335]LoadErrors: New page: Loading map: Justin_Level.umap
[2019.11.13-00.32.12:041][335]LogWorld: UWorld::CleanupWorld for Justin_Level, bSessionEnded=true, bCleanupResources=true
[2019.11.13-00.32.12:042][335]MapCheck: New page: Map Check
[2019.11.13-00.32.12:042][335]LightingResults: New page: Lighting Build
[2019.11.13-00.32.12:078][335]LogUObjectHash: Compacting FUObjectHashTables data took   2.91ms
[2019.11.13-00.32.12:110][335]LogUObjectHash: Compacting FUObjectHashTables data took   2.69ms
[2019.11.13-00.32.12:141][335]LogUObjectHash: Compacting FUObjectHashTables data took   2.52ms
[2019.11.13-00.32.12:152][335]LogAIModule: Creating AISystem for world Justin_Level
[2019.11.13-00.32.12:251][335]LogEditorServer: Finished looking for orphan Actors (0.000 secs)
[2019.11.13-00.32.12:288][335]LogUObjectHash: Compacting FUObjectHashTables data took   3.81ms
[2019.11.13-00.32.12:316][335]Cmd: MAP CHECKDEP NOCLEARLOG
[2019.11.13-00.32.12:316][335]MapCheck: Map check complete: 0 Error(s), 0 Warning(s), took 0.08ms to complete.
[2019.11.13-00.32.12:316][335]LogFileHelpers: Loading map 'Justin_Level' took 0.300
[2019.11.13-00.32.28:643][744]LogAIModule: Creating AISystem for world Colin_Level
[2019.11.13-00.32.28:647][744]LogAssetEditorManager: Opening Asset editor for World /Game/Maps/Colin_Level.Colin_Level
[2019.11.13-00.32.28:676][744]LogUObjectHash: Compacting FUObjectHashTables data took   2.34ms
[2019.11.13-00.32.28:678][744]Cmd: MAP LOAD FILE="../../../../../Unreal Projects/Greifhaken/MyProject5/Content/Maps/Colin_Level.umap" TEMPLATE=0 SHOWPROGRESS=1 FEATURELEVEL=3
[2019.11.13-00.32.28:678][744]LightingResults: New page: Lighting Build
[2019.11.13-00.32.28:678][744]LoadErrors: New page: Loading map: Colin_Level.umap
[2019.11.13-00.32.28:679][744]LogWorld: UWorld::CleanupWorld for Justin_Level, bSessionEnded=true, bCleanupResources=true
[2019.11.13-00.32.28:679][744]MapCheck: New page: Map Check
[2019.11.13-00.32.28:679][744]LightingResults: New page: Lighting Build
[2019.11.13-00.32.28:714][744]LogUObjectHash: Compacting FUObjectHashTables data took   2.92ms
[2019.11.13-00.32.28:841][744]LogEditorServer: Finished looking for orphan Actors (0.000 secs)
[2019.11.13-00.32.28:879][744]LogUObjectHash: Compacting FUObjectHashTables data took   3.78ms
[2019.11.13-00.32.28:903][744]Cmd: MAP CHECKDEP NOCLEARLOG
[2019.11.13-00.32.28:903][744]MapCheck: Map check complete: 0 Error(s), 0 Warning(s), took 0.069ms to complete.
[2019.11.13-00.32.28:903][744]LogFileHelpers: Loading map 'Colin_Level' took 0.227
[2019.11.13-00.32.33:405][  6]Cmd: DELETE
[2019.11.13-00.32.33:405][  6]Cmd: ACTOR DELETE
[2019.11.13-00.32.33:480][  6]LogEditorActor: Deleted Actor: Brush
[2019.11.13-00.32.33:509][  6]LogUObjectHash: Compacting FUObjectHashTables data took   1.71ms
[2019.11.13-00.32.33:511][  6]LogEditorActor: Deleted 1 Actors (0.048 secs)
[2019.11.13-00.32.37:136][223]LogEditorViewport: Clicking on Actor (LMB): PlayerStart (Player Start)
[2019.11.13-00.32.38:400][287]LogEditorViewport: Clicking on Actor (LMB): StaticMeshActor (Floor)
[2019.11.13-00.32.47:371][771]LogSlate: FSceneViewport::OnFocusLost() reason 0
[2019.11.13-00.32.48:830][849]LogActorFactory: Actor Factory created Cylinder
[2019.11.13-00.32.49:110][862]LogActorFactory: Actor Factory created Cylinder
[2019.11.13-00.32.54:835][201]Cmd: DELETE
[2019.11.13-00.32.54:835][201]Cmd: ACTOR DELETE
[2019.11.13-00.32.54:837][201]LogEditorActor: Deleted Actor: StaticMeshActor
[2019.11.13-00.32.54:872][201]LogUObjectHash: Compacting FUObjectHashTables data took   3.18ms
[2019.11.13-00.32.54:872][201]LogEditorActor: Deleted 1 Actors (0.037 secs)
[2019.11.13-00.32.56:091][274]LogSlate: FSceneViewport::OnFocusLost() reason 0
[2019.11.13-00.33.05:831][797]LogSlate: FSceneViewport::OnFocusLost() reason 0
[2019.11.13-00.33.07:783][906]Cmd: BRUSH ADD SELECTNEWBRUSH
[2019.11.13-00.33.10:725][ 68]LogSlate: FSceneViewport::OnFocusLost() reason 0
[2019.11.13-00.33.22:934][778]LogSlate: FSceneViewport::OnFocusLost() reason 0
[2019.11.13-00.33.25:721][945]Cmd: TRANSACTION UNDO
[2019.11.13-00.33.25:721][945]LogEditorTransaction: Undo Set Location
[2019.11.13-00.33.33:223][350]Cmd: TRANSACTION UNDO
[2019.11.13-00.33.33:223][350]LogEditorTransaction: Undo Move Actors
[2019.11.13-00.33.34:006][387]Cmd: TRANSACTION UNDO
[2019.11.13-00.33.34:006][387]LogEditorTransaction: Undo Move Actors
[2019.11.13-00.33.37:700][568]Cmd: TRANSACTION UNDO
[2019.11.13-00.33.37:700][568]LogEditorTransaction: Undo Move Actors
[2019.11.13-00.33.54:488][475]LogSlate: FSceneViewport::OnFocusLost() reason 0
[2019.11.13-00.33.59:975][758]LogEditorViewport: Clicking on Actor (LMB): BP_Sky_Sphere_C (Sky Sphere)
[2019.11.13-00.34.12:559][506]Cmd: TRANSACTION UNDO
[2019.11.13-00.34.12:559][506]LogEditorTransaction: Undo Move Actors
[2019.11.13-00.34.17:093][738]Cmd: TRANSACTION UNDO
[2019.11.13-00.34.17:093][738]LogEditorTransaction: Undo Move Actors
[2019.11.13-00.34.22:544][ 22]Cmd: TRANSACTION UNDO
[2019.11.13-00.34.22:544][ 22]LogEditorTransaction: Undo Move Actors
[2019.11.13-00.34.27:201][262]Cmd: TRANSACTION UNDO
[2019.11.13-00.34.27:201][262]LogEditorTransaction: Undo Rotate Actors
[2019.11.13-00.34.32:185][508]LogSlate: FSceneViewport::OnFocusLost() reason 0
[2019.11.13-00.34.35:306][640]LogEditorViewport: Clicking on Actor (LMB): StaticMeshActor (Floor)
[2019.11.13-00.34.35:794][667]Cmd: TRANSACTION UNDO
[2019.11.13-00.34.35:794][667]LogEditorTransaction: Undo Clicking on Actors
[2019.11.13-00.34.36:526][702]Cmd: TRANSACTION UNDO
[2019.11.13-00.34.36:526][702]LogEditorTransaction: Undo Rotate Actors
[2019.11.13-00.34.46:166][228]LogSlate: FSceneViewport::OnFocusLost() reason 0
[2019.11.13-00.34.55:353][773]Cmd: EDCALLBACK SURFPROPS
[2019.11.13-00.35.00:210][ 62]Cmd: TRANSACTION UNDO
[2019.11.13-00.35.00:210][ 62]LogEditorTransaction: Undo Scale Actors
[2019.11.13-00.35.01:973][145]Cmd: TRANSACTION UNDO
[2019.11.13-00.35.01:973][145]LogEditorTransaction: Undo Scale Actors
[2019.11.13-00.35.03:978][238]LogSlate: FSceneViewport::OnFocusLost() reason 5
[2019.11.13-00.35.04:016][238]Cmd: OBJ SAVEPACKAGE PACKAGE="/Game/Maps/Colin_Level" FILE="../../../../../Unreal Projects/Greifhaken/MyProject5/Content/Maps/Colin_Level.umap" SILENT=true AUTOSAVING=false KEEPDIRTY=false
[2019.11.13-00.35.04:053][238]LogUObjectHash: Compacting FUObjectHashTables data took   4.13ms
[2019.11.13-00.35.04:259][238]LogSavePackage: Moving '../../../../../Unreal Projects/Greifhaken/MyProject5/Saved/Colin_Level44B965AB4629B5C4A79346B4C5236C6B.tmp' to '../../../../../Unreal Projects/Greifhaken/MyProject5/Content/Maps/Colin_Level.umap'
[2019.11.13-00.35.04:291][238]Cmd: OBJ SAVEPACKAGE PACKAGE="/Game/Maps/Colin_Level_BuiltData" FILE="../../../../../Unreal Projects/Greifhaken/MyProject5/Content/Maps/Colin_Level_BuiltData.uasset" SILENT=true
[2019.11.13-00.35.04:318][238]LogSavePackage: Moving '../../../../../Unreal Projects/Greifhaken/MyProject5/Saved/Colin_Level_BuiltData184C0BE94DF9F5D951EEFA81570852FF.tmp' to '../../../../../Unreal Projects/Greifhaken/MyProject5/Content/Maps/Colin_Level_BuiltData.uasset'
[2019.11.13-00.35.06:861][377]Cmd: TRANSACTION UNDO
[2019.11.13-00.35.06:861][377]LogEditorTransaction: Undo Select Brush Surface
[2019.11.13-00.35.08:947][477]LogEditorViewport: Clicking on Actor (LMB): StaticMeshActor (Floor)
[2019.11.13-00.35.09:272][491]Cmd: TRANSACTION UNDO
[2019.11.13-00.35.09:272][491]LogEditorTransaction: Undo Clicking on Actors
[2019.11.13-00.35.09:579][505]Cmd: TRANSACTION UNDO
[2019.11.13-00.35.09:579][505]LogEditorTransaction: Undo Select Brush Surface
[2019.11.13-00.35.11:245][583]Cmd: DELETE
[2019.11.13-00.35.11:245][583]Cmd: ACTOR DELETE
[2019.11.13-00.35.11:246][583]LogEditorActor: Deleted Actor: Brush
[2019.11.13-00.35.11:282][583]LogUObjectHash: Compacting FUObjectHashTables data took   3.08ms
[2019.11.13-00.35.11:283][583]LogEditorActor: Deleted 1 Actors (0.038 secs)
[2019.11.13-00.35.12:262][625]LogSlate: FSceneViewport::OnFocusLost() reason 0
[2019.11.13-00.35.12:672][640]Cmd: BRUSH ADD SELECTNEWBRUSH
[2019.11.13-00.35.13:873][708]LogSlate: FSceneViewport::OnFocusLost() reason 0
[2019.11.13-00.35.21:673][153]Cmd: TRANSACTION UNDO
[2019.11.13-00.35.21:673][153]LogEditorTransaction: Undo Scale Actors
[2019.11.13-00.35.25:954][373]Cmd: TRANSACTION UNDO
[2019.11.13-00.35.25:955][373]LogEditorTransaction: Undo Scale Actors
[2019.11.13-00.35.32:953][755]Cmd: TRANSACTION UNDO
[2019.11.13-00.35.32:953][755]LogEditorTransaction: Undo Scale Actors
[2019.11.13-00.35.55:920][ 84]Cmd: DELETE
[2019.11.13-00.35.55:920][ 84]Cmd: ACTOR DELETE
[2019.11.13-00.35.55:922][ 84]LogEditorActor: Deleted Actor: Brush
[2019.11.13-00.35.55:954][ 84]LogUObjectHash: Compacting FUObjectHashTables data took   3.29ms
[2019.11.13-00.35.55:956][ 84]LogEditorActor: Deleted 1 Actors (0.035 secs)
[2019.11.13-00.35.56:964][139]LogSlate: FSceneViewport::OnFocusLost() reason 5
[2019.11.13-00.35.59:428][233]LogUObjectHash: Compacting FUObjectHashTables data took   1.20ms
[2019.11.13-00.35.59:440][233]LogSlate: FSceneViewport::OnFocusLost() reason 5
[2019.11.13-00.35.59:457][233]Cmd: OBJ SAVEPACKAGE PACKAGE="/Game/Maps/Colin_Level" FILE="../../../../../Unreal Projects/Greifhaken/MyProject5/Content/Maps/Colin_Level.umap" SILENT=true AUTOSAVING=false KEEPDIRTY=false
[2019.11.13-00.35.59:491][233]LogUObjectHash: Compacting FUObjectHashTables data took   1.10ms
[2019.11.13-00.35.59:697][233]LogSavePackage: Moving '../../../../../Unreal Projects/Greifhaken/MyProject5/Saved/Colin_Level668B888F4C95F1076FF4DC9AA29F88A1.tmp' to '../../../../../Unreal Projects/Greifhaken/MyProject5/Content/Maps/Colin_Level.umap'
[2019.11.13-00.35.59:727][233]LogFileHelpers: Saving map 'Colin_Level' took 0.271
